<?xml version="1.0" encoding="UTF-8"?>
<testsuite name="SILab2Test" tests="6" skipped="0" failures="0" errors="0" timestamp="2025-05-20T13:27:39.605Z" hostname="Nemanjas-MacBook-Air.local" time="0.011">
  <properties/>
  <testcase name="testInvalidCardNumberLength()" classname="SILab2Test" time="0.007"/>
  <testcase name="testCardWithNonDigitCharacter()" classname="SILab2Test" time="0.0"/>
  <testcase name="testInvalidItemName()" classname="SILab2Test" time="0.001"/>
  <testcase name="testDiscountedItemAndPenalty()" classname="SILab2Test" time="0.001"/>
  <testcase name="testValidItemNoDiscount()" classname="SILab2Test" time="0.0"/>
  <testcase name="testNullItemsList()" classname="SILab2Test" time="0.001"/>
  <system-out><![CDATA[]]></system-out>
  <system-err><![CDATA[]]></system-err>
</testsuite>
